mode: set
github.com/flaviusp23/bookings/cmd/web/main.go:23.13,26.16 2 0
github.com/flaviusp23/bookings/cmd/web/main.go:26.16,28.3 1 0
github.com/flaviusp23/bookings/cmd/web/main.go:30.2,38.16 4 0
github.com/flaviusp23/bookings/cmd/web/main.go:38.16,40.3 1 0
github.com/flaviusp23/bookings/cmd/web/main.go:43.18,59.16 10 1
github.com/flaviusp23/bookings/cmd/web/main.go:59.16,62.3 2 0
github.com/flaviusp23/bookings/cmd/web/main.go:63.2,68.12 6 1
github.com/flaviusp23/bookings/cmd/web/middleware.go:9.45,19.2 3 1
github.com/flaviusp23/bookings/cmd/web/middleware.go:21.50,23.2 1 1
github.com/flaviusp23/bookings/cmd/web/routes.go:13.49,40.2 18 1
