mode: set
github.com/flaviusp23/bookings/internal/handlers/handlers.go:31.62,36.2 1 1
github.com/flaviusp23/bookings/internal/handlers/handlers.go:39.51,44.2 1 1
github.com/flaviusp23/bookings/internal/handlers/handlers.go:47.33,49.2 1 1
github.com/flaviusp23/bookings/internal/handlers/handlers.go:52.67,54.2 1 1
github.com/flaviusp23/bookings/internal/handlers/handlers.go:57.68,59.2 1 1
github.com/flaviusp23/bookings/internal/handlers/handlers.go:62.74,64.9 2 1
github.com/flaviusp23/bookings/internal/handlers/handlers.go:64.9,67.3 2 1
github.com/flaviusp23/bookings/internal/handlers/handlers.go:68.2,69.16 2 1
github.com/flaviusp23/bookings/internal/handlers/handlers.go:69.16,72.3 2 1
github.com/flaviusp23/bookings/internal/handlers/handlers.go:73.2,88.4 10 1
github.com/flaviusp23/bookings/internal/handlers/handlers.go:91.78,93.9 2 0
github.com/flaviusp23/bookings/internal/handlers/handlers.go:93.9,96.3 2 0
github.com/flaviusp23/bookings/internal/handlers/handlers.go:97.2,98.16 2 0
github.com/flaviusp23/bookings/internal/handlers/handlers.go:98.16,101.3 2 0
github.com/flaviusp23/bookings/internal/handlers/handlers.go:103.2,115.19 10 0
github.com/flaviusp23/bookings/internal/handlers/handlers.go:115.19,123.3 4 0
github.com/flaviusp23/bookings/internal/handlers/handlers.go:124.2,126.16 3 0
github.com/flaviusp23/bookings/internal/handlers/handlers.go:126.16,129.3 2 0
github.com/flaviusp23/bookings/internal/handlers/handlers.go:130.2,138.16 3 0
github.com/flaviusp23/bookings/internal/handlers/handlers.go:138.16,141.3 2 0
github.com/flaviusp23/bookings/internal/handlers/handlers.go:142.2,143.66 2 0
github.com/flaviusp23/bookings/internal/handlers/handlers.go:147.71,149.2 1 1
github.com/flaviusp23/bookings/internal/handlers/handlers.go:152.69,154.2 1 1
github.com/flaviusp23/bookings/internal/handlers/handlers.go:157.75,159.2 1 1
github.com/flaviusp23/bookings/internal/handlers/handlers.go:161.79,166.16 5 0
github.com/flaviusp23/bookings/internal/handlers/handlers.go:166.16,169.3 2 0
github.com/flaviusp23/bookings/internal/handlers/handlers.go:170.2,171.16 2 0
github.com/flaviusp23/bookings/internal/handlers/handlers.go:171.16,174.3 2 0
github.com/flaviusp23/bookings/internal/handlers/handlers.go:175.2,176.16 2 0
github.com/flaviusp23/bookings/internal/handlers/handlers.go:176.16,179.3 2 0
github.com/flaviusp23/bookings/internal/handlers/handlers.go:183.2,183.21 1 0
github.com/flaviusp23/bookings/internal/handlers/handlers.go:183.21,186.3 2 0
github.com/flaviusp23/bookings/internal/handlers/handlers.go:187.2,198.4 5 0
github.com/flaviusp23/bookings/internal/handlers/handlers.go:210.79,212.16 2 1
github.com/flaviusp23/bookings/internal/handlers/handlers.go:212.16,223.3 5 1
github.com/flaviusp23/bookings/internal/handlers/handlers.go:224.2,229.16 4 1
github.com/flaviusp23/bookings/internal/handlers/handlers.go:229.16,238.3 5 1
github.com/flaviusp23/bookings/internal/handlers/handlers.go:241.2,242.16 2 1
github.com/flaviusp23/bookings/internal/handlers/handlers.go:242.16,251.3 5 1
github.com/flaviusp23/bookings/internal/handlers/handlers.go:252.2,255.16 3 1
github.com/flaviusp23/bookings/internal/handlers/handlers.go:255.16,266.3 5 1
github.com/flaviusp23/bookings/internal/handlers/handlers.go:267.2,276.14 4 1
github.com/flaviusp23/bookings/internal/handlers/handlers.go:280.70,282.2 1 1
github.com/flaviusp23/bookings/internal/handlers/handlers.go:284.81,286.9 2 0
github.com/flaviusp23/bookings/internal/handlers/handlers.go:286.9,291.3 4 0
github.com/flaviusp23/bookings/internal/handlers/handlers.go:292.2,305.4 9 0
github.com/flaviusp23/bookings/internal/handlers/handlers.go:308.73,310.16 2 0
github.com/flaviusp23/bookings/internal/handlers/handlers.go:310.16,313.3 2 0
github.com/flaviusp23/bookings/internal/handlers/handlers.go:314.2,315.9 2 0
github.com/flaviusp23/bookings/internal/handlers/handlers.go:315.9,318.3 2 0
github.com/flaviusp23/bookings/internal/handlers/handlers.go:319.2,322.63 3 0
github.com/flaviusp23/bookings/internal/handlers/handlers.go:326.71,332.16 6 0
github.com/flaviusp23/bookings/internal/handlers/handlers.go:332.16,335.3 2 0
github.com/flaviusp23/bookings/internal/handlers/handlers.go:336.2,337.16 2 0
github.com/flaviusp23/bookings/internal/handlers/handlers.go:337.16,340.3 2 0
github.com/flaviusp23/bookings/internal/handlers/handlers.go:341.2,346.16 6 0
github.com/flaviusp23/bookings/internal/handlers/handlers.go:346.16,349.3 2 0
github.com/flaviusp23/bookings/internal/handlers/handlers.go:350.2,352.63 3 0
