mode: set
github.com/flaviusp23/bookings/internal/handlers/handlers.go:30.62,35.2 1 1
github.com/flaviusp23/bookings/internal/handlers/handlers.go:38.51,43.2 1 1
github.com/flaviusp23/bookings/internal/handlers/handlers.go:46.33,48.2 1 1
github.com/flaviusp23/bookings/internal/handlers/handlers.go:51.67,53.2 1 1
github.com/flaviusp23/bookings/internal/handlers/handlers.go:56.68,58.2 1 1
github.com/flaviusp23/bookings/internal/handlers/handlers.go:61.74,63.9 2 1
github.com/flaviusp23/bookings/internal/handlers/handlers.go:63.9,66.3 2 1
github.com/flaviusp23/bookings/internal/handlers/handlers.go:67.2,68.16 2 1
github.com/flaviusp23/bookings/internal/handlers/handlers.go:68.16,71.3 2 1
github.com/flaviusp23/bookings/internal/handlers/handlers.go:72.2,87.4 10 1
github.com/flaviusp23/bookings/internal/handlers/handlers.go:90.78,92.9 2 1
github.com/flaviusp23/bookings/internal/handlers/handlers.go:92.9,95.3 2 1
github.com/flaviusp23/bookings/internal/handlers/handlers.go:96.2,97.16 2 1
github.com/flaviusp23/bookings/internal/handlers/handlers.go:97.16,100.3 2 1
github.com/flaviusp23/bookings/internal/handlers/handlers.go:101.2,102.16 2 1
github.com/flaviusp23/bookings/internal/handlers/handlers.go:102.16,106.3 3 1
github.com/flaviusp23/bookings/internal/handlers/handlers.go:107.2,120.19 11 1
github.com/flaviusp23/bookings/internal/handlers/handlers.go:120.19,128.3 4 1
github.com/flaviusp23/bookings/internal/handlers/handlers.go:129.2,131.16 3 1
github.com/flaviusp23/bookings/internal/handlers/handlers.go:131.16,134.3 2 1
github.com/flaviusp23/bookings/internal/handlers/handlers.go:135.2,143.16 3 1
github.com/flaviusp23/bookings/internal/handlers/handlers.go:143.16,146.3 2 1
github.com/flaviusp23/bookings/internal/handlers/handlers.go:147.2,148.66 2 1
github.com/flaviusp23/bookings/internal/handlers/handlers.go:152.71,154.2 1 1
github.com/flaviusp23/bookings/internal/handlers/handlers.go:157.69,159.2 1 1
github.com/flaviusp23/bookings/internal/handlers/handlers.go:162.75,164.2 1 1
github.com/flaviusp23/bookings/internal/handlers/handlers.go:166.79,171.16 5 0
github.com/flaviusp23/bookings/internal/handlers/handlers.go:171.16,174.3 2 0
github.com/flaviusp23/bookings/internal/handlers/handlers.go:175.2,176.16 2 0
github.com/flaviusp23/bookings/internal/handlers/handlers.go:176.16,179.3 2 0
github.com/flaviusp23/bookings/internal/handlers/handlers.go:180.2,181.16 2 0
github.com/flaviusp23/bookings/internal/handlers/handlers.go:181.16,184.3 2 0
github.com/flaviusp23/bookings/internal/handlers/handlers.go:188.2,188.21 1 0
github.com/flaviusp23/bookings/internal/handlers/handlers.go:188.21,191.3 2 0
github.com/flaviusp23/bookings/internal/handlers/handlers.go:192.2,203.4 5 0
github.com/flaviusp23/bookings/internal/handlers/handlers.go:215.79,217.16 2 1
github.com/flaviusp23/bookings/internal/handlers/handlers.go:217.16,228.3 5 1
github.com/flaviusp23/bookings/internal/handlers/handlers.go:229.2,234.16 4 1
github.com/flaviusp23/bookings/internal/handlers/handlers.go:234.16,243.3 5 1
github.com/flaviusp23/bookings/internal/handlers/handlers.go:246.2,247.16 2 1
github.com/flaviusp23/bookings/internal/handlers/handlers.go:247.16,256.3 5 1
github.com/flaviusp23/bookings/internal/handlers/handlers.go:257.2,260.16 3 1
github.com/flaviusp23/bookings/internal/handlers/handlers.go:260.16,271.3 5 1
github.com/flaviusp23/bookings/internal/handlers/handlers.go:272.2,281.14 4 1
github.com/flaviusp23/bookings/internal/handlers/handlers.go:285.70,287.2 1 1
github.com/flaviusp23/bookings/internal/handlers/handlers.go:289.81,291.9 2 0
github.com/flaviusp23/bookings/internal/handlers/handlers.go:291.9,296.3 4 0
github.com/flaviusp23/bookings/internal/handlers/handlers.go:297.2,310.4 9 0
github.com/flaviusp23/bookings/internal/handlers/handlers.go:313.73,315.16 2 0
github.com/flaviusp23/bookings/internal/handlers/handlers.go:315.16,318.3 2 0
github.com/flaviusp23/bookings/internal/handlers/handlers.go:319.2,320.9 2 0
github.com/flaviusp23/bookings/internal/handlers/handlers.go:320.9,323.3 2 0
github.com/flaviusp23/bookings/internal/handlers/handlers.go:324.2,327.63 3 0
github.com/flaviusp23/bookings/internal/handlers/handlers.go:331.71,337.16 6 0
github.com/flaviusp23/bookings/internal/handlers/handlers.go:337.16,340.3 2 0
github.com/flaviusp23/bookings/internal/handlers/handlers.go:341.2,342.16 2 0
github.com/flaviusp23/bookings/internal/handlers/handlers.go:342.16,345.3 2 0
github.com/flaviusp23/bookings/internal/handlers/handlers.go:346.2,351.16 6 0
github.com/flaviusp23/bookings/internal/handlers/handlers.go:351.16,354.3 2 0
github.com/flaviusp23/bookings/internal/handlers/handlers.go:355.2,357.63 3 0
